<?xml version="1.0" encoding="UTF-8"?>
<testng-results ignored="0" total="1" passed="1" failed="0" skipped="0">
  <reporter-output>
  </reporter-output>
  <suite started-at="2025-07-12T13:10:53 IST" name="Suite" finished-at="2025-07-12T13:11:18 IST" duration-ms="25023">
    <groups>
    </groups>
    <test started-at="2025-07-12T13:10:53 IST" name="Sample Test" finished-at="2025-07-12T13:11:18 IST" duration-ms="25023">
      <class name="com.example.chrometest">
        <test-method is-config="true" signature="drive()[pri:0, instance:com.example.chrometest@44ebcd03]" started-at="2025-07-12T13:10:53 IST" name="drive" finished-at="2025-07-12T13:11:04 IST" duration-ms="11641" status="PASS">
          <reporter-output>
          </reporter-output>
        </test-method> <!-- drive -->
        <test-method signature="launch()[pri:0, instance:com.example.chrometest@44ebcd03]" started-at="2025-07-12T13:11:04 IST" name="launch" finished-at="2025-07-12T13:11:17 IST" duration-ms="13048" status="PASS">
          <reporter-output>
          </reporter-output>
        </test-method> <!-- launch -->
        <test-method is-config="true" signature="teardown()[pri:0, instance:com.example.chrometest@44ebcd03]" started-at="2025-07-12T13:11:17 IST" name="teardown" finished-at="2025-07-12T13:11:18 IST" duration-ms="139" status="PASS">
          <reporter-output>
          </reporter-output>
        </test-method> <!-- teardown -->
      </class> <!-- com.example.chrometest -->
    </test> <!-- Sample Test -->
  </suite> <!-- Suite -->
</testng-results>
